This file contains any messages produced by compilers while
running configure, to aid debugging if configure makes a mistake.

It was created by configure, which was
generated by GNU Autoconf 2.61.  Invocation command line was

  $ /Users/mark/Desktop/faad/faad/configure --enable-static --with-pic --host=arm-apple-darwin --prefix=/Users/mark/Desktop/faad/thin-faad/armv7 --disable-shared --without-mp4v2

## --------- ##
## Platform. ##
## --------- ##

hostname = Mac
uname -m = x86_64
uname -r = 17.2.0
uname -s = Darwin
uname -v = Darwin Kernel Version 17.2.0: Fri Sep 29 18:27:05 PDT 2017; root:xnu-4570.20.62~3/RELEASE_X86_64

/usr/bin/uname -p = i386
/bin/uname -X     = unknown

/bin/arch              = unknown
/usr/bin/arch -k       = unknown
/usr/convex/getsysinfo = unknown
/usr/bin/hostinfo      = Mach kernel version:
	 Darwin Kernel Version 17.2.0: Fri Sep 29 18:27:05 PDT 2017; root:xnu-4570.20.62~3/RELEASE_X86_64
Kernel configured for up to 4 processors.
2 processors are physically available.
4 processors are logically available.
Processor type: x86_64h (Intel x86-64h Haswell)
Processors active: 0 1 2 3
Primary memory available: 8.00 gigabytes
Default processor set: 362 tasks, 1480 threads, 4 processors
Load average: 2.97, Mach factor: 1.30
/bin/machine           = unknown
/usr/bin/oslevel       = unknown
/bin/universe          = unknown

PATH: /Users/mark/developer/apache/apache-tomcat-8.5.15
PATH: /usr/local/Cellar/php56/5.6.27_4/bin
PATH: /usr/local/sbin
PATH: /opt/theos/bin
PATH: /Users/mark/developer/tools/shells/iOS_analysis
PATH: /Users/mark/developer/tools/shells
PATH: /Users/mark/workspace/gamework/cocos2d-x-3.7/templates
PATH: /Users/mark/developer/apache/apache-ant-1.10.1/bin
PATH: /Users/mark/workspace/gamework/cocos2d-x-3.7/tools/cocos2d-console/bin
PATH: /Library/Java/JavaVirtualMachines/jdk1.8.0_112.jdk/Contents/Home/bin
PATH: /Users/mark/developer/android/android-sdk/platform-tools
PATH: /Users/mark/developer/android/android-sdk/tools
PATH: /Users/mark/developer/android/android-ndk-r14b
PATH: /Users/mark/developer/android/android-ndk-r14b/toolchains/arm-linux-androideabi-4.9//prebuilt/darwin-x86_64/bin
PATH: /Users/mark/developer/apache/apache-maven-3.3.9/bin
PATH: /Users/mark/developer/apache/apache-tomcat-8.5.15/bin
PATH: /Users/mark/workspace/cacwork/miniclip/svn/code/client/pool/Tools/proto
PATH: /Users/mark/developer/android/android-sdk/build-tools/21.0.2
PATH: /Users/mark/developer/Erlang/rebar
PATH: /Users/mark/developer/tools
PATH: /Users/mark/developer/tools/gradle-2.3/bin
PATH: /usr/local/bin
PATH: /usr/bin
PATH: /bin
PATH: /usr/sbin
PATH: /sbin
PATH: /Applications/Wireshark.app/Contents/MacOS


## ----------- ##
## Core tests. ##
## ----------- ##

configure:1975: checking for a BSD-compatible install
configure:2031: result: /usr/bin/install -c
configure:2042: checking whether build environment is sane
configure:2085: result: yes
configure:2150: checking for gawk
configure:2166: found /usr/local/bin/gawk
configure:2177: result: gawk
configure:2188: checking whether make sets $(MAKE)
configure:2209: result: yes
configure:2285: checking for arm-apple-darwin-strip
configure:2315: result: no
configure:2325: checking for strip
configure:2341: found /usr/bin/strip
configure:2352: result: strip
configure:2472: checking build system type
configure:2490: result: i386-apple-darwin17.2.0
configure:2512: checking host system type
configure:2527: result: arm-apple-darwin
configure:2561: checking for style of include used by make
configure:2589: result: GNU
configure:2622: checking for arm-apple-darwin-gcc
configure:2649: result: xcrun -sdk iphoneos clang -Wno-error=unused-command-line-argument-hard-error-in-future
configure:2927: checking for C compiler version
configure:2934: xcrun -sdk iphoneos clang -Wno-error=unused-command-line-argument-hard-error-in-future --version >&5
Apple LLVM version 9.0.0 (clang-900.0.39.2)
Target: x86_64-apple-darwin17.2.0
Thread model: posix
InstalledDir: /Applications/Xcode.app/Contents/Developer/Toolchains/XcodeDefault.xctoolchain/usr/bin
configure:2937: $? = 0
configure:2944: xcrun -sdk iphoneos clang -Wno-error=unused-command-line-argument-hard-error-in-future -v >&5
Apple LLVM version 9.0.0 (clang-900.0.39.2)
Target: x86_64-apple-darwin17.2.0
Thread model: posix
InstalledDir: /Applications/Xcode.app/Contents/Developer/Toolchains/XcodeDefault.xctoolchain/usr/bin
clang: warning: argument unused during compilation: '-Wno-error=unused-command-line-argument-hard-error-in-future' [-Wunused-command-line-argument]
configure:2947: $? = 0
configure:2954: xcrun -sdk iphoneos clang -Wno-error=unused-command-line-argument-hard-error-in-future -V >&5
clang: error: argument to '-V' is missing (expected 1 value)
clang: error: no input files
configure:2957: $? = 1
configure:2980: checking for C compiler default output file name
configure:3007: xcrun -sdk iphoneos clang -Wno-error=unused-command-line-argument-hard-error-in-future -arch armv7  -arch armv7  -arch armv7  conftest.c  >&5
warning: unknown warning option '-Werror=unused-command-line-argument-hard-error-in-future'; did you mean '-Werror=unused-command-line-argument'? [-Wunknown-warning-option]
1 warning generated.
configure:3010: $? = 0
configure:3048: result: a.out
configure:3065: checking whether the C compiler works
configure:3075: ./a.out
/Users/mark/Desktop/faad/faad/configure: line 3076: ./a.out: Bad CPU type in executable
configure:3078: $? = 126
configure:3095: result: yes
configure:3102: checking whether we are cross compiling
configure:3104: result: yes
configure:3107: checking for suffix of executables
configure:3114: xcrun -sdk iphoneos clang -Wno-error=unused-command-line-argument-hard-error-in-future -o conftest -arch armv7  -arch armv7  -arch armv7  conftest.c  >&5
warning: unknown warning option '-Werror=unused-command-line-argument-hard-error-in-future'; did you mean '-Werror=unused-command-line-argument'? [-Wunknown-warning-option]
1 warning generated.
configure:3117: $? = 0
configure:3141: result: 
configure:3147: checking for suffix of object files
configure:3173: xcrun -sdk iphoneos clang -Wno-error=unused-command-line-argument-hard-error-in-future -c -arch armv7  -arch armv7  conftest.c >&5
warning: unknown warning option '-Werror=unused-command-line-argument-hard-error-in-future'; did you mean '-Werror=unused-command-line-argument'? [-Wunknown-warning-option]
1 warning generated.
configure:3176: $? = 0
configure:3199: result: o
configure:3203: checking whether we are using the GNU C compiler
configure:3232: xcrun -sdk iphoneos clang -Wno-error=unused-command-line-argument-hard-error-in-future -c -arch armv7  -arch armv7  conftest.c >&5
warning: unknown warning option '-Werror=unused-command-line-argument-hard-error-in-future'; did you mean '-Werror=unused-command-line-argument'? [-Wunknown-warning-option]
1 warning generated.
configure:3238: $? = 0
configure:3255: result: yes
configure:3260: checking whether xcrun -sdk iphoneos clang -Wno-error=unused-command-line-argument-hard-error-in-future accepts -g
configure:3290: xcrun -sdk iphoneos clang -Wno-error=unused-command-line-argument-hard-error-in-future -c -g -arch armv7  conftest.c >&5
warning: unknown warning option '-Werror=unused-command-line-argument-hard-error-in-future'; did you mean '-Werror=unused-command-line-argument'? [-Wunknown-warning-option]
1 warning generated.
configure:3296: $? = 0
configure: failed program was:
| /* confdefs.h.  */
| #define PACKAGE_NAME ""
| #define PACKAGE_TARNAME ""
| #define PACKAGE_VERSION ""
| #define PACKAGE_STRING ""
| #define PACKAGE_BUGREPORT ""
| #define PACKAGE "faad2"
| #define VERSION "2.7.0"
| /* end confdefs.h.  */
| 
| int
| main ()
| {
| 
|   ;
|   return 0;
| }
configure:3328: xcrun -sdk iphoneos clang -Wno-error=unused-command-line-argument-hard-error-in-future -c  -arch armv7  conftest.c >&5
warning: unknown warning option '-Werror=unused-command-line-argument-hard-error-in-future'; did you mean '-Werror=unused-command-line-argument'? [-Wunknown-warning-option]
1 warning generated.
configure:3334: $? = 0
configure: failed program was:
| /* confdefs.h.  */
| #define PACKAGE_NAME ""
| #define PACKAGE_TARNAME ""
| #define PACKAGE_VERSION ""
| #define PACKAGE_STRING ""
| #define PACKAGE_BUGREPORT ""
| #define PACKAGE "faad2"
| #define VERSION "2.7.0"
| /* end confdefs.h.  */
| 
| int
| main ()
| {
| 
|   ;
|   return 0;
| }
configure:3367: xcrun -sdk iphoneos clang -Wno-error=unused-command-line-argument-hard-error-in-future -c -g -arch armv7  conftest.c >&5
warning: unknown warning option '-Werror=unused-command-line-argument-hard-error-in-future'; did you mean '-Werror=unused-command-line-argument'? [-Wunknown-warning-option]
1 warning generated.
configure:3373: $? = 0
configure:3395: result: yes
configure:3412: checking for xcrun -sdk iphoneos clang -Wno-error=unused-command-line-argument-hard-error-in-future option to accept ISO C89
configure:3486: xcrun -sdk iphoneos clang -Wno-error=unused-command-line-argument-hard-error-in-future  -c -arch armv7  -arch armv7  conftest.c >&5
warning: unknown warning option '-Werror=unused-command-line-argument-hard-error-in-future'; did you mean '-Werror=unused-command-line-argument'? [-Wunknown-warning-option]
1 warning generated.
configure:3492: $? = 0
configure:3515: result: none needed
configure:3535: checking dependency style of xcrun -sdk iphoneos clang -Wno-error=unused-command-line-argument-hard-error-in-future
configure:3625: result: gcc3
configure:3642: checking for a sed that does not truncate output
configure:3696: result: /usr/bin/sed
configure:3699: checking for grep that handles long lines and -e
configure:3773: result: /usr/bin/grep
configure:3778: checking for egrep
configure:3856: result: /usr/bin/grep -E
configure:3872: checking for ld used by xcrun -sdk iphoneos clang -Wno-error=unused-command-line-argument-hard-error-in-future
configure:3939: result: /Applications/Xcode.app/Contents/Developer/Toolchains/XcodeDefault.xctoolchain/usr/bin/ld
configure:3948: checking if the linker (/Applications/Xcode.app/Contents/Developer/Toolchains/XcodeDefault.xctoolchain/usr/bin/ld) is GNU ld
configure:3963: result: no
configure:3968: checking for /Applications/Xcode.app/Contents/Developer/Toolchains/XcodeDefault.xctoolchain/usr/bin/ld option to reload object files
configure:3975: result: -r
configure:3993: checking for BSD-compatible nm
configure:4042: result: nm
configure:4046: checking whether ln -s works
configure:4050: result: yes
configure:4057: checking how to recognise dependent libraries
configure:4233: result: pass_all
configure:4467: checking how to run the C preprocessor
configure:4507: xcrun -sdk iphoneos clang -Wno-error=unused-command-line-argument-hard-error-in-future -E -arch armv7  conftest.c
warning: unknown warning option '-Werror=unused-command-line-argument-hard-error-in-future'; did you mean '-Werror=unused-command-line-argument'? [-Wunknown-warning-option]
1 warning generated.
configure:4513: $? = 0
configure:4544: xcrun -sdk iphoneos clang -Wno-error=unused-command-line-argument-hard-error-in-future -E -arch armv7  conftest.c
warning: unknown warning option '-Werror=unused-command-line-argument-hard-error-in-future'; did you mean '-Werror=unused-command-line-argument'? [-Wunknown-warning-option]
conftest.c:10:10: fatal error: 'ac_nonexistent.h' file not found
#include <ac_nonexistent.h>
         ^~~~~~~~~~~~~~~~~~
1 warning and 1 error generated.
configure:4550: $? = 1
configure: failed program was:
| /* confdefs.h.  */
| #define PACKAGE_NAME ""
| #define PACKAGE_TARNAME ""
| #define PACKAGE_VERSION ""
| #define PACKAGE_STRING ""
| #define PACKAGE_BUGREPORT ""
| #define PACKAGE "faad2"
| #define VERSION "2.7.0"
| /* end confdefs.h.  */
| #include <ac_nonexistent.h>
configure:4583: result: xcrun -sdk iphoneos clang -Wno-error=unused-command-line-argument-hard-error-in-future -E
configure:4612: xcrun -sdk iphoneos clang -Wno-error=unused-command-line-argument-hard-error-in-future -E -arch armv7  conftest.c
warning: unknown warning option '-Werror=unused-command-line-argument-hard-error-in-future'; did you mean '-Werror=unused-command-line-argument'? [-Wunknown-warning-option]
1 warning generated.
configure:4618: $? = 0
configure:4649: xcrun -sdk iphoneos clang -Wno-error=unused-command-line-argument-hard-error-in-future -E -arch armv7  conftest.c
warning: unknown warning option '-Werror=unused-command-line-argument-hard-error-in-future'; did you mean '-Werror=unused-command-line-argument'? [-Wunknown-warning-option]
conftest.c:10:10: fatal error: 'ac_nonexistent.h' file not found
#include <ac_nonexistent.h>
         ^~~~~~~~~~~~~~~~~~
1 warning and 1 error generated.
configure:4655: $? = 1
configure: failed program was:
| /* confdefs.h.  */
| #define PACKAGE_NAME ""
| #define PACKAGE_TARNAME ""
| #define PACKAGE_VERSION ""
| #define PACKAGE_STRING ""
| #define PACKAGE_BUGREPORT ""
| #define PACKAGE "faad2"
| #define VERSION "2.7.0"
| /* end confdefs.h.  */
| #include <ac_nonexistent.h>
configure:4693: checking for ANSI C header files
configure:4723: xcrun -sdk iphoneos clang -Wno-error=unused-command-line-argument-hard-error-in-future -c -arch armv7  -arch armv7  conftest.c >&5
warning: unknown warning option '-Werror=unused-command-line-argument-hard-error-in-future'; did you mean '-Werror=unused-command-line-argument'? [-Wunknown-warning-option]
1 warning generated.
configure:4729: $? = 0
warning: unknown warning option '-Werror=unused-command-line-argument-hard-error-in-future'; did you mean '-Werror=unused-command-line-argument'? [-Wunknown-warning-option]
1 warning generated.
warning: unknown warning option '-Werror=unused-command-line-argument-hard-error-in-future'; did you mean '-Werror=unused-command-line-argument'? [-Wunknown-warning-option]
1 warning generated.
configure:4857: result: yes
configure:4881: checking for sys/types.h
configure:4902: xcrun -sdk iphoneos clang -Wno-error=unused-command-line-argument-hard-error-in-future -c -arch armv7  -arch armv7  conftest.c >&5
warning: unknown warning option '-Werror=unused-command-line-argument-hard-error-in-future'; did you mean '-Werror=unused-command-line-argument'? [-Wunknown-warning-option]
1 warning generated.
configure:4908: $? = 0
configure:4924: result: yes
configure:4881: checking for sys/stat.h
configure:4902: xcrun -sdk iphoneos clang -Wno-error=unused-command-line-argument-hard-error-in-future -c -arch armv7  -arch armv7  conftest.c >&5
warning: unknown warning option '-Werror=unused-command-line-argument-hard-error-in-future'; did you mean '-Werror=unused-command-line-argument'? [-Wunknown-warning-option]
1 warning generated.
configure:4908: $? = 0
configure:4924: result: yes
configure:4881: checking for stdlib.h
configure:4902: xcrun -sdk iphoneos clang -Wno-error=unused-command-line-argument-hard-error-in-future -c -arch armv7  -arch armv7  conftest.c >&5
warning: unknown warning option '-Werror=unused-command-line-argument-hard-error-in-future'; did you mean '-Werror=unused-command-line-argument'? [-Wunknown-warning-option]
1 warning generated.
configure:4908: $? = 0
configure:4924: result: yes
configure:4881: checking for string.h
configure:4902: xcrun -sdk iphoneos clang -Wno-error=unused-command-line-argument-hard-error-in-future -c -arch armv7  -arch armv7  conftest.c >&5
warning: unknown warning option '-Werror=unused-command-line-argument-hard-error-in-future'; did you mean '-Werror=unused-command-line-argument'? [-Wunknown-warning-option]
1 warning generated.
configure:4908: $? = 0
configure:4924: result: yes
configure:4881: checking for memory.h
configure:4902: xcrun -sdk iphoneos clang -Wno-error=unused-command-line-argument-hard-error-in-future -c -arch armv7  -arch armv7  conftest.c >&5
warning: unknown warning option '-Werror=unused-command-line-argument-hard-error-in-future'; did you mean '-Werror=unused-command-line-argument'? [-Wunknown-warning-option]
1 warning generated.
configure:4908: $? = 0
configure:4924: result: yes
configure:4881: checking for strings.h
configure:4902: xcrun -sdk iphoneos clang -Wno-error=unused-command-line-argument-hard-error-in-future -c -arch armv7  -arch armv7  conftest.c >&5
warning: unknown warning option '-Werror=unused-command-line-argument-hard-error-in-future'; did you mean '-Werror=unused-command-line-argument'? [-Wunknown-warning-option]
1 warning generated.
configure:4908: $? = 0
configure:4924: result: yes
configure:4881: checking for inttypes.h
configure:4902: xcrun -sdk iphoneos clang -Wno-error=unused-command-line-argument-hard-error-in-future -c -arch armv7  -arch armv7  conftest.c >&5
warning: unknown warning option '-Werror=unused-command-line-argument-hard-error-in-future'; did you mean '-Werror=unused-command-line-argument'? [-Wunknown-warning-option]
1 warning generated.
configure:4908: $? = 0
configure:4924: result: yes
configure:4881: checking for stdint.h
configure:4902: xcrun -sdk iphoneos clang -Wno-error=unused-command-line-argument-hard-error-in-future -c -arch armv7  -arch armv7  conftest.c >&5
warning: unknown warning option '-Werror=unused-command-line-argument-hard-error-in-future'; did you mean '-Werror=unused-command-line-argument'? [-Wunknown-warning-option]
1 warning generated.
configure:4908: $? = 0
configure:4924: result: yes
configure:4881: checking for unistd.h
configure:4902: xcrun -sdk iphoneos clang -Wno-error=unused-command-line-argument-hard-error-in-future -c -arch armv7  -arch armv7  conftest.c >&5
warning: unknown warning option '-Werror=unused-command-line-argument-hard-error-in-future'; did you mean '-Werror=unused-command-line-argument'? [-Wunknown-warning-option]
1 warning generated.
configure:4908: $? = 0
configure:4924: result: yes
configure:4951: checking dlfcn.h usability
configure:4968: xcrun -sdk iphoneos clang -Wno-error=unused-command-line-argument-hard-error-in-future -c -arch armv7  -arch armv7  conftest.c >&5
warning: unknown warning option '-Werror=unused-command-line-argument-hard-error-in-future'; did you mean '-Werror=unused-command-line-argument'? [-Wunknown-warning-option]
1 warning generated.
configure:4974: $? = 0
configure:4988: result: yes
configure:4992: checking dlfcn.h presence
configure:5007: xcrun -sdk iphoneos clang -Wno-error=unused-command-line-argument-hard-error-in-future -E -arch armv7  conftest.c
warning: unknown warning option '-Werror=unused-command-line-argument-hard-error-in-future'; did you mean '-Werror=unused-command-line-argument'? [-Wunknown-warning-option]
1 warning generated.
configure:5013: $? = 0
configure:5027: result: yes
configure:5055: checking for dlfcn.h
configure:5063: result: yes
configure:5192: checking for C++ compiler version
configure:5199: xcrun -sdk iphoneos clang -Wno-error=unused-command-line-argument-hard-error-in-future --version >&5
Apple LLVM version 9.0.0 (clang-900.0.39.2)
Target: x86_64-apple-darwin17.2.0
Thread model: posix
InstalledDir: /Applications/Xcode.app/Contents/Developer/Toolchains/XcodeDefault.xctoolchain/usr/bin
configure:5202: $? = 0
configure:5209: xcrun -sdk iphoneos clang -Wno-error=unused-command-line-argument-hard-error-in-future -v >&5
Apple LLVM version 9.0.0 (clang-900.0.39.2)
Target: x86_64-apple-darwin17.2.0
Thread model: posix
InstalledDir: /Applications/Xcode.app/Contents/Developer/Toolchains/XcodeDefault.xctoolchain/usr/bin
clang: warning: argument unused during compilation: '-Wno-error=unused-command-line-argument-hard-error-in-future' [-Wunused-command-line-argument]
configure:5212: $? = 0
configure:5219: xcrun -sdk iphoneos clang -Wno-error=unused-command-line-argument-hard-error-in-future -V >&5
clang: error: argument to '-V' is missing (expected 1 value)
clang: error: no input files
configure:5222: $? = 1
configure:5225: checking whether we are using the GNU C++ compiler
configure:5254: xcrun -sdk iphoneos clang -Wno-error=unused-command-line-argument-hard-error-in-future -c -arch armv7  -arch armv7  conftest.cpp >&5
warning: unknown warning option '-Werror=unused-command-line-argument-hard-error-in-future'; did you mean '-Werror=unused-command-line-argument'? [-Wunknown-warning-option]
1 warning generated.
configure:5260: $? = 0
configure:5277: result: yes
configure:5282: checking whether xcrun -sdk iphoneos clang -Wno-error=unused-command-line-argument-hard-error-in-future accepts -g
configure:5312: xcrun -sdk iphoneos clang -Wno-error=unused-command-line-argument-hard-error-in-future -c -g -arch armv7  conftest.cpp >&5
warning: unknown warning option '-Werror=unused-command-line-argument-hard-error-in-future'; did you mean '-Werror=unused-command-line-argument'? [-Wunknown-warning-option]
1 warning generated.
configure:5318: $? = 0
configure: failed program was:
| /* confdefs.h.  */
| #define PACKAGE_NAME ""
| #define PACKAGE_TARNAME ""
| #define PACKAGE_VERSION ""
| #define PACKAGE_STRING ""
| #define PACKAGE_BUGREPORT ""
| #define PACKAGE "faad2"
| #define VERSION "2.7.0"
| #define STDC_HEADERS 1
| #define HAVE_SYS_TYPES_H 1
| #define HAVE_SYS_STAT_H 1
| #define HAVE_STDLIB_H 1
| #define HAVE_STRING_H 1
| #define HAVE_MEMORY_H 1
| #define HAVE_STRINGS_H 1
| #define HAVE_INTTYPES_H 1
| #define HAVE_STDINT_H 1
| #define HAVE_UNISTD_H 1
| #define HAVE_DLFCN_H 1
| /* end confdefs.h.  */
| 
| int
| main ()
| {
| 
|   ;
|   return 0;
| }
configure:5350: xcrun -sdk iphoneos clang -Wno-error=unused-command-line-argument-hard-error-in-future -c  -arch armv7  conftest.cpp >&5
warning: unknown warning option '-Werror=unused-command-line-argument-hard-error-in-future'; did you mean '-Werror=unused-command-line-argument'? [-Wunknown-warning-option]
1 warning generated.
configure:5356: $? = 0
configure: failed program was:
| /* confdefs.h.  */
| #define PACKAGE_NAME ""
| #define PACKAGE_TARNAME ""
| #define PACKAGE_VERSION ""
| #define PACKAGE_STRING ""
| #define PACKAGE_BUGREPORT ""
| #define PACKAGE "faad2"
| #define VERSION "2.7.0"
| #define STDC_HEADERS 1
| #define HAVE_SYS_TYPES_H 1
| #define HAVE_SYS_STAT_H 1
| #define HAVE_STDLIB_H 1
| #define HAVE_STRING_H 1
| #define HAVE_MEMORY_H 1
| #define HAVE_STRINGS_H 1
| #define HAVE_INTTYPES_H 1
| #define HAVE_STDINT_H 1
| #define HAVE_UNISTD_H 1
| #define HAVE_DLFCN_H 1
| /* end confdefs.h.  */
| 
| int
| main ()
| {
| 
|   ;
|   return 0;
| }
configure:5389: xcrun -sdk iphoneos clang -Wno-error=unused-command-line-argument-hard-error-in-future -c -g -arch armv7  conftest.cpp >&5
warning: unknown warning option '-Werror=unused-command-line-argument-hard-error-in-future'; did you mean '-Werror=unused-command-line-argument'? [-Wunknown-warning-option]
1 warning generated.
configure:5395: $? = 0
configure:5417: result: yes
configure:5442: checking dependency style of xcrun -sdk iphoneos clang -Wno-error=unused-command-line-argument-hard-error-in-future
configure:5532: result: gcc3
configure:5559: checking how to run the C++ preprocessor
configure:5595: xcrun -sdk iphoneos clang -Wno-error=unused-command-line-argument-hard-error-in-future -E -arch armv7  conftest.cpp
warning: unknown warning option '-Werror=unused-command-line-argument-hard-error-in-future'; did you mean '-Werror=unused-command-line-argument'? [-Wunknown-warning-option]
1 warning generated.
configure:5601: $? = 0
configure:5632: xcrun -sdk iphoneos clang -Wno-error=unused-command-line-argument-hard-error-in-future -E -arch armv7  conftest.cpp
warning: unknown warning option '-Werror=unused-command-line-argument-hard-error-in-future'; did you mean '-Werror=unused-command-line-argument'? [-Wunknown-warning-option]
conftest.cpp:21:10: fatal error: 'ac_nonexistent.h' file not found
#include <ac_nonexistent.h>
         ^~~~~~~~~~~~~~~~~~
1 warning and 1 error generated.
configure:5638: $? = 1
configure: failed program was:
| /* confdefs.h.  */
| #define PACKAGE_NAME ""
| #define PACKAGE_TARNAME ""
| #define PACKAGE_VERSION ""
| #define PACKAGE_STRING ""
| #define PACKAGE_BUGREPORT ""
| #define PACKAGE "faad2"
| #define VERSION "2.7.0"
| #define STDC_HEADERS 1
| #define HAVE_SYS_TYPES_H 1
| #define HAVE_SYS_STAT_H 1
| #define HAVE_STDLIB_H 1
| #define HAVE_STRING_H 1
| #define HAVE_MEMORY_H 1
| #define HAVE_STRINGS_H 1
| #define HAVE_INTTYPES_H 1
| #define HAVE_STDINT_H 1
| #define HAVE_UNISTD_H 1
| #define HAVE_DLFCN_H 1
| /* end confdefs.h.  */
| #include <ac_nonexistent.h>
configure:5671: result: xcrun -sdk iphoneos clang -Wno-error=unused-command-line-argument-hard-error-in-future -E
configure:5700: xcrun -sdk iphoneos clang -Wno-error=unused-command-line-argument-hard-error-in-future -E -arch armv7  conftest.cpp
warning: unknown warning option '-Werror=unused-command-line-argument-hard-error-in-future'; did you mean '-Werror=unused-command-line-argument'? [-Wunknown-warning-option]
1 warning generated.
configure:5706: $? = 0
configure:5737: xcrun -sdk iphoneos clang -Wno-error=unused-command-line-argument-hard-error-in-future -E -arch armv7  conftest.cpp
warning: unknown warning option '-Werror=unused-command-line-argument-hard-error-in-future'; did you mean '-Werror=unused-command-line-argument'? [-Wunknown-warning-option]
conftest.cpp:21:10: fatal error: 'ac_nonexistent.h' file not found
#include <ac_nonexistent.h>
         ^~~~~~~~~~~~~~~~~~
1 warning and 1 error generated.
configure:5743: $? = 1
configure: failed program was:
| /* confdefs.h.  */
| #define PACKAGE_NAME ""
| #define PACKAGE_TARNAME ""
| #define PACKAGE_VERSION ""
| #define PACKAGE_STRING ""
| #define PACKAGE_BUGREPORT ""
| #define PACKAGE "faad2"
| #define VERSION "2.7.0"
| #define STDC_HEADERS 1
| #define HAVE_SYS_TYPES_H 1
| #define HAVE_SYS_STAT_H 1
| #define HAVE_STDLIB_H 1
| #define HAVE_STRING_H 1
| #define HAVE_MEMORY_H 1
| #define HAVE_STRINGS_H 1
| #define HAVE_INTTYPES_H 1
| #define HAVE_STDINT_H 1
| #define HAVE_UNISTD_H 1
| #define HAVE_DLFCN_H 1
| /* end confdefs.h.  */
| #include <ac_nonexistent.h>
configure:5792: checking for arm-apple-darwin-g77
configure:5822: result: no
configure:5792: checking for arm-apple-darwin-xlf
configure:5822: result: no
configure:5792: checking for arm-apple-darwin-f77
configure:5822: result: no
configure:5792: checking for arm-apple-darwin-frt
configure:5822: result: no
configure:5792: checking for arm-apple-darwin-pgf77
configure:5822: result: no
configure:5792: checking for arm-apple-darwin-cf77
configure:5822: result: no
configure:5792: checking for arm-apple-darwin-fort77
configure:5822: result: no
configure:5792: checking for arm-apple-darwin-fl32
configure:5822: result: no
configure:5792: checking for arm-apple-darwin-af77
configure:5822: result: no
configure:5792: checking for arm-apple-darwin-xlf90
configure:5822: result: no
configure:5792: checking for arm-apple-darwin-f90
configure:5822: result: no
configure:5792: checking for arm-apple-darwin-pgf90
configure:5822: result: no
configure:5792: checking for arm-apple-darwin-pghpf
configure:5822: result: no
configure:5792: checking for arm-apple-darwin-epcf90
configure:5822: result: no
configure:5792: checking for arm-apple-darwin-gfortran
configure:5822: result: no
configure:5792: checking for arm-apple-darwin-g95
configure:5822: result: no
configure:5792: checking for arm-apple-darwin-xlf95
configure:5822: result: no
configure:5792: checking for arm-apple-darwin-f95
configure:5822: result: no
configure:5792: checking for arm-apple-darwin-fort
configure:5822: result: no
configure:5792: checking for arm-apple-darwin-ifort
configure:5822: result: no
configure:5792: checking for arm-apple-darwin-ifc
configure:5822: result: no
configure:5792: checking for arm-apple-darwin-efc
configure:5822: result: no
configure:5792: checking for arm-apple-darwin-pgf95
configure:5822: result: no
configure:5792: checking for arm-apple-darwin-lf95
configure:5822: result: no
configure:5792: checking for arm-apple-darwin-ftn
configure:5822: result: no
configure:5836: checking for g77
configure:5866: result: no
configure:5836: checking for xlf
configure:5866: result: no
configure:5836: checking for f77
configure:5866: result: no
configure:5836: checking for frt
configure:5866: result: no
configure:5836: checking for pgf77
configure:5866: result: no
configure:5836: checking for cf77
configure:5866: result: no
configure:5836: checking for fort77
configure:5866: result: no
configure:5836: checking for fl32
configure:5866: result: no
configure:5836: checking for af77
configure:5866: result: no
configure:5836: checking for xlf90
configure:5866: result: no
configure:5836: checking for f90
configure:5866: result: no
configure:5836: checking for pgf90
configure:5866: result: no
configure:5836: checking for pghpf
configure:5866: result: no
configure:5836: checking for epcf90
configure:5866: result: no
configure:5836: checking for gfortran
configure:5866: result: no
configure:5836: checking for g95
configure:5866: result: no
configure:5836: checking for xlf95
configure:5866: result: no
configure:5836: checking for f95
configure:5866: result: no
configure:5836: checking for fort
configure:5866: result: no
configure:5836: checking for ifort
configure:5866: result: no
configure:5836: checking for ifc
configure:5866: result: no
configure:5836: checking for efc
configure:5866: result: no
configure:5836: checking for pgf95
configure:5866: result: no
configure:5836: checking for lf95
configure:5866: result: no
configure:5836: checking for ftn
configure:5866: result: no
configure:5893: checking for Fortran 77 compiler version
configure:5900:  --version >&5
/Users/mark/Desktop/faad/faad/configure: line 5901: --version: command not found
configure:5903: $? = 127
configure:5910:  -v >&5
/Users/mark/Desktop/faad/faad/configure: line 5911: -v: command not found
configure:5913: $? = 127
configure:5920:  -V >&5
/Users/mark/Desktop/faad/faad/configure: line 5921: -V: command not found
configure:5923: $? = 127
configure:5931: checking whether we are using the GNU Fortran 77 compiler
configure:5950:  -c  conftest.F >&5
/Users/mark/Desktop/faad/faad/configure: line 5951: -c: command not found
configure:5956: $? = 127
configure: failed program was:
|       program main
| #ifndef __GNUC__
|        choke me
| #endif
| 
|       end
configure:5973: result: no
configure:5979: checking whether  accepts -g
configure:5996:  -c -g conftest.f >&5
/Users/mark/Desktop/faad/faad/configure: line 5997: -c: command not found
configure:6002: $? = 127
configure: failed program was:
|       program main
| 
|       end
configure:6018: result: no
configure:6048: checking the maximum length of command line arguments
configure:6157: result: 196608
configure:6168: checking command to parse nm output from xcrun -sdk iphoneos clang -Wno-error=unused-command-line-argument-hard-error-in-future object
configure:6273: xcrun -sdk iphoneos clang -Wno-error=unused-command-line-argument-hard-error-in-future -c -arch armv7  -arch armv7  conftest.c >&5
warning: unknown warning option '-Werror=unused-command-line-argument-hard-error-in-future'; did you mean '-Werror=unused-command-line-argument'? [-Wunknown-warning-option]
1 warning generated.
configure:6276: $? = 0
configure:6280: nm conftest.o \| sed -n -e 's/^.*[ 	]\([BCDEGRST][BCDEGRST]*\)[ 	][ 	]*\([_A-Za-z][_A-Za-z0-9]*\)$/\1 \2 \2/p' \> conftest.nm
configure:6283: $? = 0
cannot find nm_test_var in conftest.nm
configure:6273: xcrun -sdk iphoneos clang -Wno-error=unused-command-line-argument-hard-error-in-future -c -arch armv7  -arch armv7  conftest.c >&5
warning: unknown warning option '-Werror=unused-command-line-argument-hard-error-in-future'; did you mean '-Werror=unused-command-line-argument'? [-Wunknown-warning-option]
1 warning generated.
configure:6276: $? = 0
configure:6280: nm conftest.o \| sed -n -e 's/^.*[ 	]\([BCDEGRST][BCDEGRST]*\)[ 	][ 	]*_\([_A-Za-z][_A-Za-z0-9]*\)$/\1 _\2 \2/p' \> conftest.nm
configure:6283: $? = 0
configure:6335: xcrun -sdk iphoneos clang -Wno-error=unused-command-line-argument-hard-error-in-future -o conftest -arch armv7  -arch armv7  -arch armv7  conftest.c conftstm.o >&5
warning: unknown warning option '-Werror=unused-command-line-argument-hard-error-in-future'; did you mean '-Werror=unused-command-line-argument'? [-Wunknown-warning-option]
1 warning generated.
configure:6338: $? = 0
configure:6376: result: ok
configure:6380: checking for objdir
configure:6395: result: .libs
configure:6447: checking for arm-apple-darwin-ar
configure:6477: result: no
configure:6487: checking for ar
configure:6503: found /usr/bin/ar
configure:6514: result: ar
configure:6528: WARNING: In the future, Autoconf will not detect cross-tools
whose name does not start with the host triplet.  If you think this
configuration is useful to you, please write to autoconf@gnu.org.
configure:6543: checking for arm-apple-darwin-ranlib
configure:6573: result: no
configure:6583: checking for ranlib
configure:6599: found /usr/bin/ranlib
configure:6610: result: ranlib
configure:6639: checking for arm-apple-darwin-strip
configure:6666: result: strip
configure:6992: checking if xcrun -sdk iphoneos clang -Wno-error=unused-command-line-argument-hard-error-in-future supports -fno-rtti -fno-exceptions
configure:7010: xcrun -sdk iphoneos clang -Wno-error=unused-command-line-argument-hard-error-in-future -c -arch armv7  -arch armv7  -fno-rtti -fno-exceptions conftest.c >&5
warning: unknown warning option '-Werror=unused-command-line-argument-hard-error-in-future'; did you mean '-Werror=unused-command-line-argument'? [-Wunknown-warning-option]
1 warning generated.
configure:7014: $? = 0
configure:7027: result: yes
configure:7042: checking for xcrun -sdk iphoneos clang -Wno-error=unused-command-line-argument-hard-error-in-future option to produce PIC
configure:7252: result: -fno-common
configure:7260: checking if xcrun -sdk iphoneos clang -Wno-error=unused-command-line-argument-hard-error-in-future PIC flag -fno-common works
configure:7278: xcrun -sdk iphoneos clang -Wno-error=unused-command-line-argument-hard-error-in-future -c -arch armv7  -arch armv7  -fno-common -DPIC conftest.c >&5
warning: unknown warning option '-Werror=unused-command-line-argument-hard-error-in-future'; did you mean '-Werror=unused-command-line-argument'? [-Wunknown-warning-option]
1 warning generated.
configure:7282: $? = 0
configure:7295: result: yes
configure:7323: checking if xcrun -sdk iphoneos clang -Wno-error=unused-command-line-argument-hard-error-in-future static flag -static works
configure:7351: result: no
configure:7361: checking if xcrun -sdk iphoneos clang -Wno-error=unused-command-line-argument-hard-error-in-future supports -c -o file.o
configure:7382: xcrun -sdk iphoneos clang -Wno-error=unused-command-line-argument-hard-error-in-future -c -arch armv7  -arch armv7  -o out/conftest2.o conftest.c >&5
warning: unknown warning option '-Werror=unused-command-line-argument-hard-error-in-future'; did you mean '-Werror=unused-command-line-argument'? [-Wunknown-warning-option]
1 warning generated.
configure:7386: $? = 0
configure:7408: result: yes
configure:7434: checking whether the xcrun -sdk iphoneos clang -Wno-error=unused-command-line-argument-hard-error-in-future linker (/Applications/Xcode.app/Contents/Developer/Toolchains/XcodeDefault.xctoolchain/usr/bin/ld) supports shared libraries
configure:8389: result: yes
configure:8456: checking dynamic linker characteristics
configure:9032: result: darwin dyld
configure:9041: checking how to hardcode library paths into programs
configure:9066: result: immediate
configure:9080: checking whether stripping libraries is possible
configure:9093: result: yes
configure:9886: checking if libtool supports shared libraries
configure:9888: result: yes
configure:9891: checking whether to build shared libraries
configure:9912: result: no
configure:9915: checking whether to build static libraries
configure:9919: result: yes
configure:10011: creating libtool
configure:10599: checking for ld used by xcrun -sdk iphoneos clang -Wno-error=unused-command-line-argument-hard-error-in-future
configure:10666: result: /Applications/Xcode.app/Contents/Developer/Toolchains/XcodeDefault.xctoolchain/usr/bin/ld
configure:10675: checking if the linker (/Applications/Xcode.app/Contents/Developer/Toolchains/XcodeDefault.xctoolchain/usr/bin/ld) is GNU ld
configure:10690: result: no
configure:10741: checking whether the xcrun -sdk iphoneos clang -Wno-error=unused-command-line-argument-hard-error-in-future linker (/Applications/Xcode.app/Contents/Developer/Toolchains/XcodeDefault.xctoolchain/usr/bin/ld) supports shared libraries
configure:11675: result: yes
configure:11693: xcrun -sdk iphoneos clang -Wno-error=unused-command-line-argument-hard-error-in-future -c -arch armv7  -arch armv7  conftest.cpp >&5
warning: unknown warning option '-Werror=unused-command-line-argument-hard-error-in-future'; did you mean '-Werror=unused-command-line-argument'? [-Wunknown-warning-option]
1 warning generated.
configure:11696: $? = 0
configure:11815: checking for xcrun -sdk iphoneos clang -Wno-error=unused-command-line-argument-hard-error-in-future option to produce PIC
configure:12089: result: -fno-common
configure:12097: checking if xcrun -sdk iphoneos clang -Wno-error=unused-command-line-argument-hard-error-in-future PIC flag -fno-common works
configure:12115: xcrun -sdk iphoneos clang -Wno-error=unused-command-line-argument-hard-error-in-future -c -arch armv7  -arch armv7  -fno-common -DPIC conftest.cpp >&5
warning: unknown warning option '-Werror=unused-command-line-argument-hard-error-in-future'; did you mean '-Werror=unused-command-line-argument'? [-Wunknown-warning-option]
1 warning generated.
configure:12119: $? = 0
configure:12132: result: yes
configure:12160: checking if xcrun -sdk iphoneos clang -Wno-error=unused-command-line-argument-hard-error-in-future static flag -static works
configure:12188: result: no
configure:12198: checking if xcrun -sdk iphoneos clang -Wno-error=unused-command-line-argument-hard-error-in-future supports -c -o file.o
configure:12219: xcrun -sdk iphoneos clang -Wno-error=unused-command-line-argument-hard-error-in-future -c -arch armv7  -arch armv7  -o out/conftest2.o conftest.cpp >&5
warning: unknown warning option '-Werror=unused-command-line-argument-hard-error-in-future'; did you mean '-Werror=unused-command-line-argument'? [-Wunknown-warning-option]
1 warning generated.
configure:12223: $? = 0
configure:12245: result: yes
configure:12271: checking whether the xcrun -sdk iphoneos clang -Wno-error=unused-command-line-argument-hard-error-in-future linker (/Applications/Xcode.app/Contents/Developer/Toolchains/XcodeDefault.xctoolchain/usr/bin/ld) supports shared libraries
configure:12299: result: yes
configure:12366: checking dynamic linker characteristics
configure:12942: result: darwin dyld
configure:12951: checking how to hardcode library paths into programs
configure:12976: result: immediate
configure:19104: checking for arm-apple-darwin-gcc
configure:19131: result: xcrun -sdk iphoneos clang -Wno-error=unused-command-line-argument-hard-error-in-future
configure:19409: checking for C compiler version
configure:19416: xcrun -sdk iphoneos clang -Wno-error=unused-command-line-argument-hard-error-in-future --version >&5
Apple LLVM version 9.0.0 (clang-900.0.39.2)
Target: x86_64-apple-darwin17.2.0
Thread model: posix
InstalledDir: /Applications/Xcode.app/Contents/Developer/Toolchains/XcodeDefault.xctoolchain/usr/bin
configure:19419: $? = 0
configure:19426: xcrun -sdk iphoneos clang -Wno-error=unused-command-line-argument-hard-error-in-future -v >&5
Apple LLVM version 9.0.0 (clang-900.0.39.2)
Target: x86_64-apple-darwin17.2.0
Thread model: posix
InstalledDir: /Applications/Xcode.app/Contents/Developer/Toolchains/XcodeDefault.xctoolchain/usr/bin
clang: warning: argument unused during compilation: '-Wno-error=unused-command-line-argument-hard-error-in-future' [-Wunused-command-line-argument]
configure:19429: $? = 0
configure:19436: xcrun -sdk iphoneos clang -Wno-error=unused-command-line-argument-hard-error-in-future -V >&5
clang: error: argument to '-V' is missing (expected 1 value)
clang: error: no input files
configure:19439: $? = 1
configure:19442: checking whether we are using the GNU C compiler
configure:19494: result: yes
configure:19499: checking whether xcrun -sdk iphoneos clang -Wno-error=unused-command-line-argument-hard-error-in-future accepts -g
configure:19634: result: yes
configure:19651: checking for xcrun -sdk iphoneos clang -Wno-error=unused-command-line-argument-hard-error-in-future option to accept ISO C89
configure:19754: result: none needed
configure:19774: checking dependency style of xcrun -sdk iphoneos clang -Wno-error=unused-command-line-argument-hard-error-in-future
configure:19864: result: gcc3
configure:19882: checking whether xcrun -sdk iphoneos clang -Wno-error=unused-command-line-argument-hard-error-in-future and cc understand -c and -o together
configure:19917: xcrun -sdk iphoneos clang -Wno-error=unused-command-line-argument-hard-error-in-future -c conftest.c -o conftest2.o >&5
warning: unknown warning option '-Werror=unused-command-line-argument-hard-error-in-future'; did you mean '-Werror=unused-command-line-argument'? [-Wunknown-warning-option]
1 warning generated.
configure:19920: $? = 0
configure:19926: xcrun -sdk iphoneos clang -Wno-error=unused-command-line-argument-hard-error-in-future -c conftest.c -o conftest2.o >&5
warning: unknown warning option '-Werror=unused-command-line-argument-hard-error-in-future'; did you mean '-Werror=unused-command-line-argument'? [-Wunknown-warning-option]
1 warning generated.
configure:19929: $? = 0
configure:19940: cc -c conftest.c >&5
configure:19943: $? = 0
configure:19951: cc -c conftest.c -o conftest2.o >&5
configure:19954: $? = 0
configure:19960: cc -c conftest.c -o conftest2.o >&5
configure:19963: $? = 0
configure:19981: result: yes
configure:20011: checking how to run the C preprocessor
configure:20127: result: xcrun -sdk iphoneos clang -Wno-error=unused-command-line-argument-hard-error-in-future -E
configure:20156: xcrun -sdk iphoneos clang -Wno-error=unused-command-line-argument-hard-error-in-future -E -arch armv7  conftest.c
warning: unknown warning option '-Werror=unused-command-line-argument-hard-error-in-future'; did you mean '-Werror=unused-command-line-argument'? [-Wunknown-warning-option]
1 warning generated.
configure:20162: $? = 0
configure:20193: xcrun -sdk iphoneos clang -Wno-error=unused-command-line-argument-hard-error-in-future -E -arch armv7  conftest.c
warning: unknown warning option '-Werror=unused-command-line-argument-hard-error-in-future'; did you mean '-Werror=unused-command-line-argument'? [-Wunknown-warning-option]
conftest.c:21:10: fatal error: 'ac_nonexistent.h' file not found
#include <ac_nonexistent.h>
         ^~~~~~~~~~~~~~~~~~
1 warning and 1 error generated.
configure:20199: $? = 1
configure: failed program was:
| /* confdefs.h.  */
| #define PACKAGE_NAME ""
| #define PACKAGE_TARNAME ""
| #define PACKAGE_VERSION ""
| #define PACKAGE_STRING ""
| #define PACKAGE_BUGREPORT ""
| #define PACKAGE "faad2"
| #define VERSION "2.7.0"
| #define STDC_HEADERS 1
| #define HAVE_SYS_TYPES_H 1
| #define HAVE_SYS_STAT_H 1
| #define HAVE_STDLIB_H 1
| #define HAVE_STRING_H 1
| #define HAVE_MEMORY_H 1
| #define HAVE_STRINGS_H 1
| #define HAVE_INTTYPES_H 1
| #define HAVE_STDINT_H 1
| #define HAVE_UNISTD_H 1
| #define HAVE_DLFCN_H 1
| /* end confdefs.h.  */
| #include <ac_nonexistent.h>
configure:20352: checking for C++ compiler version
configure:20359: xcrun -sdk iphoneos clang -Wno-error=unused-command-line-argument-hard-error-in-future --version >&5
Apple LLVM version 9.0.0 (clang-900.0.39.2)
Target: x86_64-apple-darwin17.2.0
Thread model: posix
InstalledDir: /Applications/Xcode.app/Contents/Developer/Toolchains/XcodeDefault.xctoolchain/usr/bin
configure:20362: $? = 0
configure:20369: xcrun -sdk iphoneos clang -Wno-error=unused-command-line-argument-hard-error-in-future -v >&5
Apple LLVM version 9.0.0 (clang-900.0.39.2)
Target: x86_64-apple-darwin17.2.0
Thread model: posix
InstalledDir: /Applications/Xcode.app/Contents/Developer/Toolchains/XcodeDefault.xctoolchain/usr/bin
clang: warning: argument unused during compilation: '-Wno-error=unused-command-line-argument-hard-error-in-future' [-Wunused-command-line-argument]
configure:20372: $? = 0
configure:20379: xcrun -sdk iphoneos clang -Wno-error=unused-command-line-argument-hard-error-in-future -V >&5
clang: error: argument to '-V' is missing (expected 1 value)
clang: error: no input files
configure:20382: $? = 1
configure:20385: checking whether we are using the GNU C++ compiler
configure:20437: result: yes
configure:20442: checking whether xcrun -sdk iphoneos clang -Wno-error=unused-command-line-argument-hard-error-in-future accepts -g
configure:20577: result: yes
configure:20602: checking dependency style of xcrun -sdk iphoneos clang -Wno-error=unused-command-line-argument-hard-error-in-future
configure:20692: result: gcc3
configure:20722: checking for a BSD-compatible install
configure:20778: result: /usr/bin/install -c
configure:20789: checking whether ln -s works
configure:20793: result: yes
configure:20800: checking whether make sets $(MAKE)
configure:20821: result: yes
configure:20834: checking for rpmbuild
configure:20864: result: no
configure:20904: checking for ANSI C header files
configure:21068: result: yes
configure:21084: checking for stdint.h
configure:21090: result: yes
configure:21084: checking for inttypes.h
configure:21090: result: yes
configure:21234: checking mathf.h usability
configure:21251: xcrun -sdk iphoneos clang -Wno-error=unused-command-line-argument-hard-error-in-future -c -arch armv7  -arch armv7  conftest.c >&5
warning: unknown warning option '-Werror=unused-command-line-argument-hard-error-in-future'; did you mean '-Werror=unused-command-line-argument'? [-Wunknown-warning-option]
conftest.c:57:10: fatal error: 'mathf.h' file not found
#include <mathf.h>
         ^~~~~~~~~
1 warning and 1 error generated.
configure:21257: $? = 1
configure: failed program was:
| /* confdefs.h.  */
| #define PACKAGE_NAME ""
| #define PACKAGE_TARNAME ""
| #define PACKAGE_VERSION ""
| #define PACKAGE_STRING ""
| #define PACKAGE_BUGREPORT ""
| #define PACKAGE "faad2"
| #define VERSION "2.7.0"
| #define STDC_HEADERS 1
| #define HAVE_SYS_TYPES_H 1
| #define HAVE_SYS_STAT_H 1
| #define HAVE_STDLIB_H 1
| #define HAVE_STRING_H 1
| #define HAVE_MEMORY_H 1
| #define HAVE_STRINGS_H 1
| #define HAVE_INTTYPES_H 1
| #define HAVE_STDINT_H 1
| #define HAVE_UNISTD_H 1
| #define HAVE_DLFCN_H 1
| #define STDC_HEADERS 1
| #define HAVE_STDINT_H 1
| #define HAVE_INTTYPES_H 1
| /* end confdefs.h.  */
| #include <stdio.h>
| #ifdef HAVE_SYS_TYPES_H
| # include <sys/types.h>
| #endif
| #ifdef HAVE_SYS_STAT_H
| # include <sys/stat.h>
| #endif
| #ifdef STDC_HEADERS
| # include <stdlib.h>
| # include <stddef.h>
| #else
| # ifdef HAVE_STDLIB_H
| #  include <stdlib.h>
| # endif
| #endif
| #ifdef HAVE_STRING_H
| # if !defined STDC_HEADERS && defined HAVE_MEMORY_H
| #  include <memory.h>
| # endif
| # include <string.h>
| #endif
| #ifdef HAVE_STRINGS_H
| # include <strings.h>
| #endif
| #ifdef HAVE_INTTYPES_H
| # include <inttypes.h>
| #endif
| #ifdef HAVE_STDINT_H
| # include <stdint.h>
| #endif
| #ifdef HAVE_UNISTD_H
| # include <unistd.h>
| #endif
| #include <mathf.h>
configure:21271: result: no
configure:21275: checking mathf.h presence
configure:21290: xcrun -sdk iphoneos clang -Wno-error=unused-command-line-argument-hard-error-in-future -E -arch armv7  conftest.c
warning: unknown warning option '-Werror=unused-command-line-argument-hard-error-in-future'; did you mean '-Werror=unused-command-line-argument'? [-Wunknown-warning-option]
conftest.c:24:10: fatal error: 'mathf.h' file not found
#include <mathf.h>
         ^~~~~~~~~
1 warning and 1 error generated.
configure:21296: $? = 1
configure: failed program was:
| /* confdefs.h.  */
| #define PACKAGE_NAME ""
| #define PACKAGE_TARNAME ""
| #define PACKAGE_VERSION ""
| #define PACKAGE_STRING ""
| #define PACKAGE_BUGREPORT ""
| #define PACKAGE "faad2"
| #define VERSION "2.7.0"
| #define STDC_HEADERS 1
| #define HAVE_SYS_TYPES_H 1
| #define HAVE_SYS_STAT_H 1
| #define HAVE_STDLIB_H 1
| #define HAVE_STRING_H 1
| #define HAVE_MEMORY_H 1
| #define HAVE_STRINGS_H 1
| #define HAVE_INTTYPES_H 1
| #define HAVE_STDINT_H 1
| #define HAVE_UNISTD_H 1
| #define HAVE_DLFCN_H 1
| #define STDC_HEADERS 1
| #define HAVE_STDINT_H 1
| #define HAVE_INTTYPES_H 1
| /* end confdefs.h.  */
| #include <mathf.h>
configure:21310: result: no
configure:21338: checking for mathf.h
configure:21346: result: no
configure:21374: checking float.h usability
configure:21391: xcrun -sdk iphoneos clang -Wno-error=unused-command-line-argument-hard-error-in-future -c -arch armv7  -arch armv7  conftest.c >&5
warning: unknown warning option '-Werror=unused-command-line-argument-hard-error-in-future'; did you mean '-Werror=unused-command-line-argument'? [-Wunknown-warning-option]
1 warning generated.
configure:21397: $? = 0
configure:21411: result: yes
configure:21415: checking float.h presence
configure:21430: xcrun -sdk iphoneos clang -Wno-error=unused-command-line-argument-hard-error-in-future -E -arch armv7  conftest.c
warning: unknown warning option '-Werror=unused-command-line-argument-hard-error-in-future'; did you mean '-Werror=unused-command-line-argument'? [-Wunknown-warning-option]
1 warning generated.
configure:21436: $? = 0
configure:21450: result: yes
configure:21478: checking for float.h
configure:21486: result: yes
configure:21504: checking for strchr
configure:21560: xcrun -sdk iphoneos clang -Wno-error=unused-command-line-argument-hard-error-in-future -o conftest -arch armv7  -arch armv7  -arch armv7  conftest.c  >&5
warning: unknown warning option '-Werror=unused-command-line-argument-hard-error-in-future'; did you mean '-Werror=unused-command-line-argument'? [-Wunknown-warning-option]
conftest.c:48:6: warning: incompatible redeclaration of library function 'strchr' [-Wincompatible-library-redeclaration]
char strchr ();
     ^
conftest.c:48:6: note: 'strchr' is a builtin with type 'char *(const char *, int)'
2 warnings generated.
configure:21566: $? = 0
configure:21584: result: yes
configure:21504: checking for memcpy
configure:21560: xcrun -sdk iphoneos clang -Wno-error=unused-command-line-argument-hard-error-in-future -o conftest -arch armv7  -arch armv7  -arch armv7  conftest.c  >&5
warning: unknown warning option '-Werror=unused-command-line-argument-hard-error-in-future'; did you mean '-Werror=unused-command-line-argument'? [-Wunknown-warning-option]
conftest.c:49:6: warning: incompatible redeclaration of library function 'memcpy' [-Wincompatible-library-redeclaration]
char memcpy ();
     ^
conftest.c:49:6: note: 'memcpy' is a builtin with type 'void *(void *, const void *, unsigned long)'
2 warnings generated.
configure:21566: $? = 0
configure:21584: result: yes
configure:21609: checking sys/time.h usability
configure:21626: xcrun -sdk iphoneos clang -Wno-error=unused-command-line-argument-hard-error-in-future -c -arch armv7  -arch armv7  conftest.c >&5
warning: unknown warning option '-Werror=unused-command-line-argument-hard-error-in-future'; did you mean '-Werror=unused-command-line-argument'? [-Wunknown-warning-option]
1 warning generated.
configure:21632: $? = 0
configure:21646: result: yes
configure:21650: checking sys/time.h presence
configure:21665: xcrun -sdk iphoneos clang -Wno-error=unused-command-line-argument-hard-error-in-future -E -arch armv7  conftest.c
warning: unknown warning option '-Werror=unused-command-line-argument-hard-error-in-future'; did you mean '-Werror=unused-command-line-argument'? [-Wunknown-warning-option]
1 warning generated.
configure:21671: $? = 0
configure:21685: result: yes
configure:21713: checking for sys/time.h
configure:21721: result: yes
configure:21734: checking whether time.h and sys/time.h may both be included
configure:21764: xcrun -sdk iphoneos clang -Wno-error=unused-command-line-argument-hard-error-in-future -c -arch armv7  -arch armv7  conftest.c >&5
warning: unknown warning option '-Werror=unused-command-line-argument-hard-error-in-future'; did you mean '-Werror=unused-command-line-argument'? [-Wunknown-warning-option]
1 warning generated.
configure:21770: $? = 0
configure:21785: result: yes
configure:21814: checking errno.h usability
configure:21831: xcrun -sdk iphoneos clang -Wno-error=unused-command-line-argument-hard-error-in-future -c -arch armv7  -arch armv7  conftest.c >&5
warning: unknown warning option '-Werror=unused-command-line-argument-hard-error-in-future'; did you mean '-Werror=unused-command-line-argument'? [-Wunknown-warning-option]
1 warning generated.
configure:21837: $? = 0
configure:21851: result: yes
configure:21855: checking errno.h presence
configure:21870: xcrun -sdk iphoneos clang -Wno-error=unused-command-line-argument-hard-error-in-future -E -arch armv7  conftest.c
warning: unknown warning option '-Werror=unused-command-line-argument-hard-error-in-future'; did you mean '-Werror=unused-command-line-argument'? [-Wunknown-warning-option]
1 warning generated.
configure:21876: $? = 0
configure:21890: result: yes
configure:21918: checking for errno.h
configure:21926: result: yes
configure:21804: checking for sys/stat.h
configure:21810: result: yes
configure:21804: checking for sys/types.h
configure:21810: result: yes
configure:21814: checking limits.h usability
configure:21831: xcrun -sdk iphoneos clang -Wno-error=unused-command-line-argument-hard-error-in-future -c -arch armv7  -arch armv7  conftest.c >&5
warning: unknown warning option '-Werror=unused-command-line-argument-hard-error-in-future'; did you mean '-Werror=unused-command-line-argument'? [-Wunknown-warning-option]
1 warning generated.
configure:21837: $? = 0
configure:21851: result: yes
configure:21855: checking limits.h presence
configure:21870: xcrun -sdk iphoneos clang -Wno-error=unused-command-line-argument-hard-error-in-future -E -arch armv7  conftest.c
warning: unknown warning option '-Werror=unused-command-line-argument-hard-error-in-future'; did you mean '-Werror=unused-command-line-argument'? [-Wunknown-warning-option]
1 warning generated.
configure:21876: $? = 0
configure:21890: result: yes
configure:21918: checking for limits.h
configure:21926: result: yes
configure:21954: checking sysfs/libsysfs.h usability
configure:21971: xcrun -sdk iphoneos clang -Wno-error=unused-command-line-argument-hard-error-in-future -c -arch armv7  -arch armv7  conftest.c >&5
warning: unknown warning option '-Werror=unused-command-line-argument-hard-error-in-future'; did you mean '-Werror=unused-command-line-argument'? [-Wunknown-warning-option]
conftest.c:66:10: fatal error: 'sysfs/libsysfs.h' file not found
#include <sysfs/libsysfs.h>
         ^~~~~~~~~~~~~~~~~~
1 warning and 1 error generated.
configure:21977: $? = 1
configure: failed program was:
| /* confdefs.h.  */
| #define PACKAGE_NAME ""
| #define PACKAGE_TARNAME ""
| #define PACKAGE_VERSION ""
| #define PACKAGE_STRING ""
| #define PACKAGE_BUGREPORT ""
| #define PACKAGE "faad2"
| #define VERSION "2.7.0"
| #define STDC_HEADERS 1
| #define HAVE_SYS_TYPES_H 1
| #define HAVE_SYS_STAT_H 1
| #define HAVE_STDLIB_H 1
| #define HAVE_STRING_H 1
| #define HAVE_MEMORY_H 1
| #define HAVE_STRINGS_H 1
| #define HAVE_INTTYPES_H 1
| #define HAVE_STDINT_H 1
| #define HAVE_UNISTD_H 1
| #define HAVE_DLFCN_H 1
| #define STDC_HEADERS 1
| #define HAVE_STDINT_H 1
| #define HAVE_INTTYPES_H 1
| #define HAVE_FLOAT_H 1
| #define HAVE_STRCHR 1
| #define HAVE_MEMCPY 1
| #define HAVE_SYS_TIME_H 1
| #define TIME_WITH_SYS_TIME 1
| #define HAVE_ERRNO_H 1
| #define HAVE_SYS_STAT_H 1
| #define HAVE_SYS_TYPES_H 1
| #define HAVE_LIMITS_H 1
| /* end confdefs.h.  */
| #include <stdio.h>
| #ifdef HAVE_SYS_TYPES_H
| # include <sys/types.h>
| #endif
| #ifdef HAVE_SYS_STAT_H
| # include <sys/stat.h>
| #endif
| #ifdef STDC_HEADERS
| # include <stdlib.h>
| # include <stddef.h>
| #else
| # ifdef HAVE_STDLIB_H
| #  include <stdlib.h>
| # endif
| #endif
| #ifdef HAVE_STRING_H
| # if !defined STDC_HEADERS && defined HAVE_MEMORY_H
| #  include <memory.h>
| # endif
| # include <string.h>
| #endif
| #ifdef HAVE_STRINGS_H
| # include <strings.h>
| #endif
| #ifdef HAVE_INTTYPES_H
| # include <inttypes.h>
| #endif
| #ifdef HAVE_STDINT_H
| # include <stdint.h>
| #endif
| #ifdef HAVE_UNISTD_H
| # include <unistd.h>
| #endif
| #include <sysfs/libsysfs.h>
configure:21991: result: no
configure:21995: checking sysfs/libsysfs.h presence
configure:22010: xcrun -sdk iphoneos clang -Wno-error=unused-command-line-argument-hard-error-in-future -E -arch armv7  conftest.c
warning: unknown warning option '-Werror=unused-command-line-argument-hard-error-in-future'; did you mean '-Werror=unused-command-line-argument'? [-Wunknown-warning-option]
conftest.c:33:10: fatal error: 'sysfs/libsysfs.h' file not found
#include <sysfs/libsysfs.h>
         ^~~~~~~~~~~~~~~~~~
1 warning and 1 error generated.
configure:22016: $? = 1
configure: failed program was:
| /* confdefs.h.  */
| #define PACKAGE_NAME ""
| #define PACKAGE_TARNAME ""
| #define PACKAGE_VERSION ""
| #define PACKAGE_STRING ""
| #define PACKAGE_BUGREPORT ""
| #define PACKAGE "faad2"
| #define VERSION "2.7.0"
| #define STDC_HEADERS 1
| #define HAVE_SYS_TYPES_H 1
| #define HAVE_SYS_STAT_H 1
| #define HAVE_STDLIB_H 1
| #define HAVE_STRING_H 1
| #define HAVE_MEMORY_H 1
| #define HAVE_STRINGS_H 1
| #define HAVE_INTTYPES_H 1
| #define HAVE_STDINT_H 1
| #define HAVE_UNISTD_H 1
| #define HAVE_DLFCN_H 1
| #define STDC_HEADERS 1
| #define HAVE_STDINT_H 1
| #define HAVE_INTTYPES_H 1
| #define HAVE_FLOAT_H 1
| #define HAVE_STRCHR 1
| #define HAVE_MEMCPY 1
| #define HAVE_SYS_TIME_H 1
| #define TIME_WITH_SYS_TIME 1
| #define HAVE_ERRNO_H 1
| #define HAVE_SYS_STAT_H 1
| #define HAVE_SYS_TYPES_H 1
| #define HAVE_LIMITS_H 1
| /* end confdefs.h.  */
| #include <sysfs/libsysfs.h>
configure:22030: result: no
configure:22058: checking for sysfs/libsysfs.h
configure:22066: result: no
configure:22094: checking IOKit/IOKitLib.h usability
configure:22111: xcrun -sdk iphoneos clang -Wno-error=unused-command-line-argument-hard-error-in-future -c -arch armv7  -arch armv7  conftest.c >&5
warning: unknown warning option '-Werror=unused-command-line-argument-hard-error-in-future'; did you mean '-Werror=unused-command-line-argument'? [-Wunknown-warning-option]
conftest.c:66:10: fatal error: 'IOKit/IOKitLib.h' file not found
#include <IOKit/IOKitLib.h>
         ^~~~~~~~~~~~~~~~~~
1 warning and 1 error generated.
configure:22117: $? = 1
configure: failed program was:
| /* confdefs.h.  */
| #define PACKAGE_NAME ""
| #define PACKAGE_TARNAME ""
| #define PACKAGE_VERSION ""
| #define PACKAGE_STRING ""
| #define PACKAGE_BUGREPORT ""
| #define PACKAGE "faad2"
| #define VERSION "2.7.0"
| #define STDC_HEADERS 1
| #define HAVE_SYS_TYPES_H 1
| #define HAVE_SYS_STAT_H 1
| #define HAVE_STDLIB_H 1
| #define HAVE_STRING_H 1
| #define HAVE_MEMORY_H 1
| #define HAVE_STRINGS_H 1
| #define HAVE_INTTYPES_H 1
| #define HAVE_STDINT_H 1
| #define HAVE_UNISTD_H 1
| #define HAVE_DLFCN_H 1
| #define STDC_HEADERS 1
| #define HAVE_STDINT_H 1
| #define HAVE_INTTYPES_H 1
| #define HAVE_FLOAT_H 1
| #define HAVE_STRCHR 1
| #define HAVE_MEMCPY 1
| #define HAVE_SYS_TIME_H 1
| #define TIME_WITH_SYS_TIME 1
| #define HAVE_ERRNO_H 1
| #define HAVE_SYS_STAT_H 1
| #define HAVE_SYS_TYPES_H 1
| #define HAVE_LIMITS_H 1
| /* end confdefs.h.  */
| #include <stdio.h>
| #ifdef HAVE_SYS_TYPES_H
| # include <sys/types.h>
| #endif
| #ifdef HAVE_SYS_STAT_H
| # include <sys/stat.h>
| #endif
| #ifdef STDC_HEADERS
| # include <stdlib.h>
| # include <stddef.h>
| #else
| # ifdef HAVE_STDLIB_H
| #  include <stdlib.h>
| # endif
| #endif
| #ifdef HAVE_STRING_H
| # if !defined STDC_HEADERS && defined HAVE_MEMORY_H
| #  include <memory.h>
| # endif
| # include <string.h>
| #endif
| #ifdef HAVE_STRINGS_H
| # include <strings.h>
| #endif
| #ifdef HAVE_INTTYPES_H
| # include <inttypes.h>
| #endif
| #ifdef HAVE_STDINT_H
| # include <stdint.h>
| #endif
| #ifdef HAVE_UNISTD_H
| # include <unistd.h>
| #endif
| #include <IOKit/IOKitLib.h>
configure:22131: result: no
configure:22135: checking IOKit/IOKitLib.h presence
configure:22150: xcrun -sdk iphoneos clang -Wno-error=unused-command-line-argument-hard-error-in-future -E -arch armv7  conftest.c
warning: unknown warning option '-Werror=unused-command-line-argument-hard-error-in-future'; did you mean '-Werror=unused-command-line-argument'? [-Wunknown-warning-option]
conftest.c:33:10: fatal error: 'IOKit/IOKitLib.h' file not found
#include <IOKit/IOKitLib.h>
         ^~~~~~~~~~~~~~~~~~
1 warning and 1 error generated.
configure:22156: $? = 1
configure: failed program was:
| /* confdefs.h.  */
| #define PACKAGE_NAME ""
| #define PACKAGE_TARNAME ""
| #define PACKAGE_VERSION ""
| #define PACKAGE_STRING ""
| #define PACKAGE_BUGREPORT ""
| #define PACKAGE "faad2"
| #define VERSION "2.7.0"
| #define STDC_HEADERS 1
| #define HAVE_SYS_TYPES_H 1
| #define HAVE_SYS_STAT_H 1
| #define HAVE_STDLIB_H 1
| #define HAVE_STRING_H 1
| #define HAVE_MEMORY_H 1
| #define HAVE_STRINGS_H 1
| #define HAVE_INTTYPES_H 1
| #define HAVE_STDINT_H 1
| #define HAVE_UNISTD_H 1
| #define HAVE_DLFCN_H 1
| #define STDC_HEADERS 1
| #define HAVE_STDINT_H 1
| #define HAVE_INTTYPES_H 1
| #define HAVE_FLOAT_H 1
| #define HAVE_STRCHR 1
| #define HAVE_MEMCPY 1
| #define HAVE_SYS_TIME_H 1
| #define TIME_WITH_SYS_TIME 1
| #define HAVE_ERRNO_H 1
| #define HAVE_SYS_STAT_H 1
| #define HAVE_SYS_TYPES_H 1
| #define HAVE_LIMITS_H 1
| /* end confdefs.h.  */
| #include <IOKit/IOKitLib.h>
configure:22170: result: no
configure:22198: checking for IOKit/IOKitLib.h
configure:22206: result: no
configure:22287: checking for getpwuid
configure:22343: xcrun -sdk iphoneos clang -Wno-error=unused-command-line-argument-hard-error-in-future -o conftest -arch armv7  -arch armv7  -arch armv7  conftest.c  >&5
warning: unknown warning option '-Werror=unused-command-line-argument-hard-error-in-future'; did you mean '-Werror=unused-command-line-argument'? [-Wunknown-warning-option]
1 warning generated.
configure:22349: $? = 0
configure:22367: result: yes
configure:22378: checking for inline
configure:22404: xcrun -sdk iphoneos clang -Wno-error=unused-command-line-argument-hard-error-in-future -c -arch armv7  -arch armv7  conftest.c >&5
warning: unknown warning option '-Werror=unused-command-line-argument-hard-error-in-future'; did you mean '-Werror=unused-command-line-argument'? [-Wunknown-warning-option]
1 warning generated.
configure:22410: $? = 0
configure:22428: result: inline
configure:22447: checking whether byte ordering is bigendian
configure:22480: xcrun -sdk iphoneos clang -Wno-error=unused-command-line-argument-hard-error-in-future -c -arch armv7  -arch armv7  conftest.c >&5
warning: unknown warning option '-Werror=unused-command-line-argument-hard-error-in-future'; did you mean '-Werror=unused-command-line-argument'? [-Wunknown-warning-option]
1 warning generated.
configure:22486: $? = 0
configure:22518: xcrun -sdk iphoneos clang -Wno-error=unused-command-line-argument-hard-error-in-future -c -arch armv7  -arch armv7  conftest.c >&5
warning: unknown warning option '-Werror=unused-command-line-argument-hard-error-in-future'; did you mean '-Werror=unused-command-line-argument'? [-Wunknown-warning-option]
conftest.c:41:2: error: use of undeclared identifier 'not'
 not big endian
 ^
1 warning and 1 error generated.
configure:22524: $? = 1
configure: failed program was:
| /* confdefs.h.  */
| #define PACKAGE_NAME ""
| #define PACKAGE_TARNAME ""
| #define PACKAGE_VERSION ""
| #define PACKAGE_STRING ""
| #define PACKAGE_BUGREPORT ""
| #define PACKAGE "faad2"
| #define VERSION "2.7.0"
| #define STDC_HEADERS 1
| #define HAVE_SYS_TYPES_H 1
| #define HAVE_SYS_STAT_H 1
| #define HAVE_STDLIB_H 1
| #define HAVE_STRING_H 1
| #define HAVE_MEMORY_H 1
| #define HAVE_STRINGS_H 1
| #define HAVE_INTTYPES_H 1
| #define HAVE_STDINT_H 1
| #define HAVE_UNISTD_H 1
| #define HAVE_DLFCN_H 1
| #define STDC_HEADERS 1
| #define HAVE_STDINT_H 1
| #define HAVE_INTTYPES_H 1
| #define HAVE_FLOAT_H 1
| #define HAVE_STRCHR 1
| #define HAVE_MEMCPY 1
| #define HAVE_SYS_TIME_H 1
| #define TIME_WITH_SYS_TIME 1
| #define HAVE_ERRNO_H 1
| #define HAVE_SYS_STAT_H 1
| #define HAVE_SYS_TYPES_H 1
| #define HAVE_LIMITS_H 1
| #define HAVE_GETPWUID 1
| /* end confdefs.h.  */
| #include <sys/types.h>
| #include <sys/param.h>
| 
| int
| main ()
| {
| #if BYTE_ORDER != BIG_ENDIAN
|  not big endian
| #endif
| 
|   ;
|   return 0;
| }
configure:22664: result: no
configure:22684: checking for off_t
configure:22714: xcrun -sdk iphoneos clang -Wno-error=unused-command-line-argument-hard-error-in-future -c -arch armv7  -arch armv7  conftest.c >&5
warning: unknown warning option '-Werror=unused-command-line-argument-hard-error-in-future'; did you mean '-Werror=unused-command-line-argument'? [-Wunknown-warning-option]
1 warning generated.
configure:22720: $? = 0
configure:22735: result: yes
configure:22751: checking for lrintf
configure:22787: xcrun -sdk iphoneos clang -Wno-error=unused-command-line-argument-hard-error-in-future -o conftest -O -lm -arch armv7  -arch armv7  conftest.c  >&5
warning: unknown warning option '-Werror=unused-command-line-argument-hard-error-in-future'; did you mean '-Werror=unused-command-line-argument'? [-Wunknown-warning-option]
conftest.c:45:23: warning: ignoring return value of function declared with const attribute [-Wunused-value]
if (!lrintf(3.14159)) lrintf(2.7183);
                      ^~~~~~ ~~~~~~
2 warnings generated.
configure:22793: $? = 0
configure:22814: result: yes
configure:22827: checking for float32_t temp
configure:22851: xcrun -sdk iphoneos clang -Wno-error=unused-command-line-argument-hard-error-in-future -c -arch armv7  -arch armv7  conftest.c >&5
warning: unknown warning option '-Werror=unused-command-line-argument-hard-error-in-future'; did you mean '-Werror=unused-command-line-argument'? [-Wunknown-warning-option]
conftest.c:35:23: warning: extra tokens at end of #include directive [-Wextra-tokens]
#include <sys/types.h>,
                      ^
                      //
conftest.c:36:18: fatal error: 'sys/float.h' file not found
        #include <sys/float.h>
                 ^~~~~~~~~~~~~
2 warnings and 1 error generated.
configure:22857: $? = 1
configure: failed program was:
| /* confdefs.h.  */
| #define PACKAGE_NAME ""
| #define PACKAGE_TARNAME ""
| #define PACKAGE_VERSION ""
| #define PACKAGE_STRING ""
| #define PACKAGE_BUGREPORT ""
| #define PACKAGE "faad2"
| #define VERSION "2.7.0"
| #define STDC_HEADERS 1
| #define HAVE_SYS_TYPES_H 1
| #define HAVE_SYS_STAT_H 1
| #define HAVE_STDLIB_H 1
| #define HAVE_STRING_H 1
| #define HAVE_MEMORY_H 1
| #define HAVE_STRINGS_H 1
| #define HAVE_INTTYPES_H 1
| #define HAVE_STDINT_H 1
| #define HAVE_UNISTD_H 1
| #define HAVE_DLFCN_H 1
| #define STDC_HEADERS 1
| #define HAVE_STDINT_H 1
| #define HAVE_INTTYPES_H 1
| #define HAVE_FLOAT_H 1
| #define HAVE_STRCHR 1
| #define HAVE_MEMCPY 1
| #define HAVE_SYS_TIME_H 1
| #define TIME_WITH_SYS_TIME 1
| #define HAVE_ERRNO_H 1
| #define HAVE_SYS_STAT_H 1
| #define HAVE_SYS_TYPES_H 1
| #define HAVE_LIMITS_H 1
| #define HAVE_GETPWUID 1
| #define HAVE_LRINTF 1
| /* end confdefs.h.  */
| #include <sys/types.h>,
|         #include <sys/float.h>
| int
| main ()
| {
| float32_t temp;
|   ;
|   return 0;
| }
configure:22880: result: no
configure:22889: checking for strsep
configure:22945: xcrun -sdk iphoneos clang -Wno-error=unused-command-line-argument-hard-error-in-future -o conftest -arch armv7  -arch armv7  -arch armv7  conftest.c  >&5
warning: unknown warning option '-Werror=unused-command-line-argument-hard-error-in-future'; did you mean '-Werror=unused-command-line-argument'? [-Wunknown-warning-option]
1 warning generated.
configure:22951: $? = 0
configure:22969: result: yes
configure:22982: checking for mpeg4ip-config
configure:23010: result: no
configure:23425: no xmms build configured
configure:23636: creating ./config.status

## ---------------------- ##
## Running config.status. ##
## ---------------------- ##

This file was extended by config.status, which was
generated by GNU Autoconf 2.61.  Invocation command line was

  CONFIG_FILES    = 
  CONFIG_HEADERS  = 
  CONFIG_LINKS    = 
  CONFIG_COMMANDS = 
  $ ./config.status 

on Mac

config.status:678: creating libfaad/Makefile
config.status:678: creating common/Makefile
config.status:678: creating common/mp4ff/Makefile
config.status:678: creating plugins/Makefile
config.status:678: creating plugins/xmms/Makefile
config.status:678: creating plugins/xmms/src/Makefile
config.status:678: creating plugins/mpeg4ip/Makefile
config.status:678: creating faad2.spec
config.status:678: creating frontend/Makefile
config.status:678: creating Makefile
config.status:678: creating config.h
config.status:953: executing depfiles commands

## ---------------- ##
## Cache variables. ##
## ---------------- ##

ac_cv_build=i386-apple-darwin17.2.0
ac_cv_c99_lrintf=yes
ac_cv_c_bigendian=no
ac_cv_c_compiler_gnu=yes
ac_cv_c_inline=inline
ac_cv_cxx_compiler_gnu=yes
ac_cv_env_CCC_set=
ac_cv_env_CCC_value=
ac_cv_env_CC_set=set
ac_cv_env_CC_value='xcrun -sdk iphoneos clang -Wno-error=unused-command-line-argument-hard-error-in-future'
ac_cv_env_CFLAGS_set=set
ac_cv_env_CFLAGS_value='-arch armv7 '
ac_cv_env_CPPFLAGS_set=set
ac_cv_env_CPPFLAGS_value='-arch armv7 '
ac_cv_env_CPP_set=
ac_cv_env_CPP_value=
ac_cv_env_CXXCPP_set=
ac_cv_env_CXXCPP_value=
ac_cv_env_CXXFLAGS_set=set
ac_cv_env_CXXFLAGS_value='-arch armv7 '
ac_cv_env_CXX_set=set
ac_cv_env_CXX_value='xcrun -sdk iphoneos clang -Wno-error=unused-command-line-argument-hard-error-in-future'
ac_cv_env_F77_set=
ac_cv_env_F77_value=
ac_cv_env_FFLAGS_set=
ac_cv_env_FFLAGS_value=
ac_cv_env_LDFLAGS_set=set
ac_cv_env_LDFLAGS_value='-arch armv7 '
ac_cv_env_LIBS_set=
ac_cv_env_LIBS_value=
ac_cv_env_build_alias_set=
ac_cv_env_build_alias_value=
ac_cv_env_host_alias_set=set
ac_cv_env_host_alias_value=arm-apple-darwin
ac_cv_env_target_alias_set=
ac_cv_env_target_alias_value=
ac_cv_f77_compiler_gnu=no
ac_cv_func_getpwuid=yes
ac_cv_func_memcpy=yes
ac_cv_func_strchr=yes
ac_cv_func_strsep=yes
ac_cv_header_IOKit_IOKitLib_h=no
ac_cv_header_dlfcn_h=yes
ac_cv_header_errno_h=yes
ac_cv_header_float_h=yes
ac_cv_header_inttypes_h=yes
ac_cv_header_limits_h=yes
ac_cv_header_mathf_h=no
ac_cv_header_memory_h=yes
ac_cv_header_stdc=yes
ac_cv_header_stdint_h=yes
ac_cv_header_stdlib_h=yes
ac_cv_header_string_h=yes
ac_cv_header_strings_h=yes
ac_cv_header_sys_stat_h=yes
ac_cv_header_sys_time_h=yes
ac_cv_header_sys_types_h=yes
ac_cv_header_sysfs_libsysfs_h=no
ac_cv_header_time=yes
ac_cv_header_unistd_h=yes
ac_cv_host=arm-apple-darwin
ac_cv_objext=o
ac_cv_path_EGREP='/usr/bin/grep -E'
ac_cv_path_GREP=/usr/bin/grep
ac_cv_path_install='/usr/bin/install -c'
ac_cv_prog_AWK=gawk
ac_cv_prog_CC='xcrun -sdk iphoneos clang -Wno-error=unused-command-line-argument-hard-error-in-future'
ac_cv_prog_CPP='xcrun -sdk iphoneos clang -Wno-error=unused-command-line-argument-hard-error-in-future -E'
ac_cv_prog_CXXCPP='xcrun -sdk iphoneos clang -Wno-error=unused-command-line-argument-hard-error-in-future -E'
ac_cv_prog_STRIP=strip
ac_cv_prog_ac_ct_AR=ar
ac_cv_prog_ac_ct_RANLIB=ranlib
ac_cv_prog_ac_ct_STRIP=strip
ac_cv_prog_cc_c89=
ac_cv_prog_cc_g=yes
ac_cv_prog_cc_xcrun_c_o=yes
ac_cv_prog_cxx_g=yes
ac_cv_prog_external_mp4v2=no
ac_cv_prog_f77_g=no
ac_cv_prog_make_make_set=yes
ac_cv_type_off_t=yes
am_cv_CC_dependencies_compiler_type=gcc3
am_cv_CXX_dependencies_compiler_type=gcc3
lt_cv_deplibs_check_method=pass_all
lt_cv_file_magic_cmd='$MAGIC_CMD'
lt_cv_file_magic_test_file=
lt_cv_ld_reload_flag=-r
lt_cv_objdir=.libs
lt_cv_path_LD=/Applications/Xcode.app/Contents/Developer/Toolchains/XcodeDefault.xctoolchain/usr/bin/ld
lt_cv_path_LDCXX=/Applications/Xcode.app/Contents/Developer/Toolchains/XcodeDefault.xctoolchain/usr/bin/ld
lt_cv_path_NM=nm
lt_cv_path_SED=/usr/bin/sed
lt_cv_prog_compiler_c_o=yes
lt_cv_prog_compiler_c_o_CXX=yes
lt_cv_prog_compiler_rtti_exceptions=yes
lt_cv_prog_gnu_ld=no
lt_cv_prog_gnu_ldcxx=no
lt_cv_sys_global_symbol_pipe='sed -n -e '\''s/^.*[ 	]\([BCDEGRST][BCDEGRST]*\)[ 	][ 	]*_\([_A-Za-z][_A-Za-z0-9]*\)$/\1 _\2 \2/p'\'''
lt_cv_sys_global_symbol_to_c_name_address='sed -n -e '\''s/^: \([^ ]*\) $/  {\"\1\", (lt_ptr) 0},/p'\'' -e '\''s/^[BCDEGRST] \([^ ]*\) \([^ ]*\)$/  {"\2", (lt_ptr) \&\2},/p'\'''
lt_cv_sys_global_symbol_to_cdecl='sed -n -e '\''s/^. .* \(.*\)$/extern int \1;/p'\'''
lt_cv_sys_max_cmd_len=196608
lt_lt_cv_prog_compiler_c_o='"yes"'
lt_lt_cv_prog_compiler_c_o_CXX='"yes"'
lt_lt_cv_sys_global_symbol_pipe='"sed -n -e '\''s/^.*[ 	]\\([BCDEGRST][BCDEGRST]*\\)[ 	][ 	]*_\\([_A-Za-z][_A-Za-z0-9]*\\)\$/\\1 _\\2 \\2/p'\''"'
lt_lt_cv_sys_global_symbol_to_c_name_address='"sed -n -e '\''s/^: \\([^ ]*\\) \$/  {\\\"\\1\\\", (lt_ptr) 0},/p'\'' -e '\''s/^[BCDEGRST] \\([^ ]*\\) \\([^ ]*\\)\$/  {\"\\2\", (lt_ptr) \\&\\2},/p'\''"'
lt_lt_cv_sys_global_symbol_to_cdecl='"sed -n -e '\''s/^. .* \\(.*\\)\$/extern int \\1;/p'\''"'

## ----------------- ##
## Output variables. ##
## ----------------- ##

ACLOCAL='${SHELL} /Users/mark/Desktop/faad/faad/missing --run aclocal-1.9'
AMDEPBACKSLASH='\'
AMDEP_FALSE='#'
AMDEP_TRUE=''
AMTAR='${SHELL} /Users/mark/Desktop/faad/faad/missing --run tar'
AR='ar'
AUTOCONF='${SHELL} /Users/mark/Desktop/faad/faad/missing --run autoconf'
AUTOHEADER='${SHELL} /Users/mark/Desktop/faad/faad/missing --run autoheader'
AUTOMAKE='${SHELL} /Users/mark/Desktop/faad/faad/missing --run automake-1.9'
AWK='gawk'
CC='xcrun -sdk iphoneos clang -Wno-error=unused-command-line-argument-hard-error-in-future'
CCDEPMODE='depmode=gcc3'
CFLAGS='-arch armv7 '
CPP='xcrun -sdk iphoneos clang -Wno-error=unused-command-line-argument-hard-error-in-future -E'
CPPFLAGS='-arch armv7 '
CXX='xcrun -sdk iphoneos clang -Wno-error=unused-command-line-argument-hard-error-in-future'
CXXCPP='xcrun -sdk iphoneos clang -Wno-error=unused-command-line-argument-hard-error-in-future -E'
CXXDEPMODE='depmode=gcc3'
CXXFLAGS='-arch armv7 '
CYGPATH_W='echo'
DEFS='-DHAVE_CONFIG_H'
DEPDIR='.deps'
ECHO='/bin/echo'
ECHO_C='ECHO_N=''
ECHO_T=''
EGREP='/usr/bin/grep -E'
EXEEXT=''
F77=''
FFLAGS=''
GREP='/usr/bin/grep'
GTK_CONFIG=''
HAVE_MPEG4IP_PLUG_FALSE=''
HAVE_MPEG4IP_PLUG_TRUE='#'
HAVE_XMMS_FALSE=''
HAVE_XMMS_TRUE='#'
INSTALL_DATA='${INSTALL} -m 644'
INSTALL_PROGRAM='${INSTALL}'
INSTALL_SCRIPT='${INSTALL}'
INSTALL_STRIP_PROGRAM='${SHELL} $(install_sh) -c -s'
LDFLAGS='-arch armv7 '
LIBOBJS=''
LIBS=''
LIBTOOL='$(SHELL) $(top_builddir)/libtool'
LIBTOOL_DEPS='/Users/mark/Desktop/faad/faad/./ltmain.sh'
LN_S='ln -s'
LTLIBOBJS=''
MAKEINFO='${SHELL} /Users/mark/Desktop/faad/faad/missing --run makeinfo'
MP4FF_LIBS=''
OBJEXT='o'
PACKAGE='faad2'
PACKAGE_BUGREPORT=''
PACKAGE_NAME=''
PACKAGE_STRING=''
PACKAGE_TARNAME=''
PACKAGE_VERSION=''
PATH_SEPARATOR=':'
RANLIB='ranlib'
RPMBUILD='rpm'
SET_MAKE=''
SHELL='/bin/sh'
STRIP='strip'
VERSION='2.7.0'
XMMS_CONFIG=''
ac_ct_CC=''
ac_ct_CXX=''
ac_ct_F77=''
am__fastdepCC_FALSE='#'
am__fastdepCC_TRUE=''
am__fastdepCXX_FALSE='#'
am__fastdepCXX_TRUE=''
am__include='include'
am__leading_dot='.'
am__quote=''
am__tar='${AMTAR} chof - "$$tardir"'
am__untar='${AMTAR} xf -'
bindir='${exec_prefix}/bin'
build='i386-apple-darwin17.2.0'
build_alias=''
build_cpu='i386'
build_os='darwin17.2.0'
build_vendor='apple'
datadir='${datarootdir}'
datarootdir='${prefix}/share'
docdir='${datarootdir}/doc/${PACKAGE}'
dvidir='${docdir}'
exec_prefix='${prefix}'
external_mp4v2='no'
host='arm-apple-darwin'
host_alias='arm-apple-darwin'
host_cpu='arm'
host_os='darwin'
host_vendor='apple'
htmldir='${docdir}'
includedir='${prefix}/include'
infodir='${datarootdir}/info'
install_sh='/Users/mark/Desktop/faad/faad/install-sh'
libdir='${exec_prefix}/lib'
libexecdir='${exec_prefix}/libexec'
localedir='${datarootdir}/locale'
localstatedir='${prefix}/var'
mandir='${datarootdir}/man'
mkdir_p='$(install_sh) -d'
oldincludedir='/usr/include'
pdfdir='${docdir}'
prefix='/Users/mark/Desktop/faad/thin-faad/armv7'
program_transform_name='s,x,x,'
psdir='${docdir}'
sbindir='${exec_prefix}/sbin'
sharedstatedir='${prefix}/com'
sysconfdir='${prefix}/etc'
target_alias=''

## ----------- ##
## confdefs.h. ##
## ----------- ##

#define PACKAGE_NAME ""
#define PACKAGE_TARNAME ""
#define PACKAGE_VERSION ""
#define PACKAGE_STRING ""
#define PACKAGE_BUGREPORT ""
#define PACKAGE "faad2"
#define VERSION "2.7.0"
#define STDC_HEADERS 1
#define HAVE_SYS_TYPES_H 1
#define HAVE_SYS_STAT_H 1
#define HAVE_STDLIB_H 1
#define HAVE_STRING_H 1
#define HAVE_MEMORY_H 1
#define HAVE_STRINGS_H 1
#define HAVE_INTTYPES_H 1
#define HAVE_STDINT_H 1
#define HAVE_UNISTD_H 1
#define HAVE_DLFCN_H 1
#define STDC_HEADERS 1
#define HAVE_STDINT_H 1
#define HAVE_INTTYPES_H 1
#define HAVE_FLOAT_H 1
#define HAVE_STRCHR 1
#define HAVE_MEMCPY 1
#define HAVE_SYS_TIME_H 1
#define TIME_WITH_SYS_TIME 1
#define HAVE_ERRNO_H 1
#define HAVE_SYS_STAT_H 1
#define HAVE_SYS_TYPES_H 1
#define HAVE_LIMITS_H 1
#define HAVE_GETPWUID 1
#define HAVE_LRINTF 1
#define HAVE_STRSEP 1

configure: exit 0
